{
  "RSpec": {
    "coverage": {
      "/Users/joey/Projects/edtech-prototype/spec/adaptation_algorithm_spec.rb": {
        "lines": [
          1,
          null,
          1,
          null,
          4,
          8,
          null,
          1,
          2,
          null,
          2,
          null,
          null,
          1,
          1,
          null,
          1,
          1,
          null,
          null,
          null,
          null,
          null,
          1,
          null,
          4,
          2,
          2,
          null,
          1,
          1,
          null,
          1,
          1,
          null,
          1,
          1,
          null,
          null,
          null,
          null,
          1,
          null,
          4,
          2,
          2,
          null,
          1,
          1,
          null,
          1,
          1,
          null,
          1,
          1,
          null,
          null,
          null,
          null
        ]
      },
      "/Users/joey/Projects/edtech-prototype/lib/adaptation_algorithm.rb": {
        "lines": [
          1,
          null,
          1,
          8,
          null,
          3,
          null,
          2,
          null,
          3,
          null,
          null,
          null,
          null,
          null,
          null,
          1,
          null,
          1,
          2,
          null,
          null,
          null,
          null,
          null,
          null,
          1,
          null,
          1,
          3,
          null,
          null,
          null,
          null,
          1,
          null,
          1,
          3,
          null,
          null,
          null,
          null
        ]
      },
      "/Users/joey/Projects/edtech-prototype/spec/question_picker_spec.rb": {
        "lines": [
          1,
          null,
          1,
          4,
          null,
          null,
          null,
          null,
          null,
          null,
          null,
          4,
          null,
          null,
          null,
          null,
          null,
          null,
          null,
          4,
          null,
          null,
          null,
          null,
          null,
          null,
          null,
          4,
          null,
          null,
          null,
          null,
          null,
          null,
          null,
          4,
          null,
          null,
          null,
          null,
          null,
          null,
          null,
          null,
          4,
          4,
          4,
          4,
          null,
          1,
          null,
          1,
          1,
          1,
          1,
          null,
          1,
          1,
          1,
          1,
          null,
          null,
          null,
          null,
          1,
          null,
          1,
          1,
          null,
          null,
          1,
          1,
          1,
          1,
          null,
          null,
          null,
          null,
          null,
          null
        ]
      },
      "/Users/joey/Projects/edtech-prototype/lib/question_picker.rb": {
        "lines": [
          1,
          1,
          null,
          1,
          1,
          null,
          1,
          3,
          3,
          3,
          null,
          null,
          1,
          2,
          2,
          2,
          12,
          null,
          null,
          null,
          null,
          1,
          1,
          1,
          null,
          null,
          1,
          null,
          1,
          18,
          null,
          null,
          1,
          12,
          null,
          null,
          1,
          0,
          null,
          null,
          1,
          0,
          null,
          null,
          null
        ]
      },
      "/Users/joey/Projects/edtech-prototype/lib/student_record.rb": {
        "lines": [
          1,
          1,
          null,
          1,
          11,
          null,
          null,
          1,
          43,
          null,
          null,
          1,
          2,
          null,
          null,
          1,
          2,
          null,
          null,
          1,
          2,
          null,
          null,
          1,
          null,
          1,
          34,
          6,
          null,
          null,
          null
        ]
      },
      "/Users/joey/Projects/edtech-prototype/spec/question_set_spec.rb": {
        "lines": [
          1,
          null,
          1,
          2,
          2,
          2,
          null,
          1,
          1,
          1,
          null,
          1,
          1,
          1,
          null,
          null,
          null
        ]
      },
      "/Users/joey/Projects/edtech-prototype/lib/question_set.rb": {
        "lines": [
          1,
          1,
          null,
          1,
          2,
          null,
          null,
          null
        ]
      },
      "/Users/joey/Projects/edtech-prototype/spec/question_spec.rb": {
        "lines": [
          1,
          null,
          1,
          null,
          9,
          null,
          null,
          null,
          null,
          null,
          null,
          null,
          null,
          null,
          2,
          2,
          2,
          2,
          null,
          1,
          1,
          1,
          1,
          null,
          null,
          null,
          1,
          1,
          1,
          null,
          1,
          1,
          1,
          null,
          1,
          1,
          1,
          null,
          null,
          null,
          null
        ]
      },
      "/Users/joey/Projects/edtech-prototype/lib/question.rb": {
        "lines": [
          1,
          null,
          null,
          null,
          1,
          null,
          1,
          8,
          null,
          8,
          null,
          null,
          null,
          null,
          8,
          8,
          8,
          null,
          null,
          1,
          3,
          null,
          null,
          1,
          3,
          2,
          null,
          null,
          null
        ]
      },
      "/Users/joey/Projects/edtech-prototype/spec/student_record_spec.rb": {
        "lines": [
          1,
          null,
          1,
          null,
          7,
          6,
          null,
          null,
          null,
          2,
          2,
          2,
          2,
          null,
          1,
          1,
          1,
          1,
          null,
          null,
          null,
          1,
          1,
          1,
          1,
          null,
          1,
          1,
          1,
          null,
          null,
          null,
          null,
          1,
          1,
          10,
          1,
          1,
          null,
          1,
          10,
          1,
          1,
          null,
          null,
          null,
          null,
          1,
          1,
          10,
          1,
          1,
          null,
          1,
          10,
          1,
          1,
          null,
          null,
          null,
          null,
          null,
          null,
          null
        ]
      }
    },
    "timestamp": 1620828833
  }
}
